<?xml version="1.0" encoding="UTF-8"?>
<testng-results skipped="0" failed="0" total="2" passed="2">
  <reporter-output>
  </reporter-output>
  <suite name="Suite" duration-ms="27636" started-at="2019-03-05T07:53:12Z" finished-at="2019-03-05T07:53:39Z">
    <groups>
    </groups>
    <test name="Test" duration-ms="27636" started-at="2019-03-05T07:53:12Z" finished-at="2019-03-05T07:53:39Z">
      <class name="com.testcase.addtestcase">
        <test-method status="PASS" signature="login()[pri:0, instance:com.testcase.addtestcase@17ed40e0]" name="login" duration-ms="12703" started-at="2019-03-05T15:53:27Z" finished-at="2019-03-05T15:53:39Z">
          <reporter-output>
          </reporter-output>
        </test-method> <!-- login -->
      </class> <!-- com.testcase.addtestcase -->
      <class name="com.testcase.logintestcase">
        <test-method status="PASS" signature="login()[pri:0, instance:com.testcase.logintestcase@5c0369c4]" name="login" duration-ms="14922" started-at="2019-03-05T15:53:12Z" finished-at="2019-03-05T15:53:27Z">
          <reporter-output>
          </reporter-output>
        </test-method> <!-- login -->
      </class> <!-- com.testcase.logintestcase -->
    </test> <!-- Test -->
  </suite> <!-- Suite -->
</testng-results>
